<testsuite name="Mocha Tests" tests="3" failures="1" errors="1" skipped="0" timestamp="Thu, 28 Aug 2014 11:10:40 GMT" time="0.003">
<testcase classname="Array #indexOf()" name="should return -1 when the value is not present" time="0"/>
<testcase classname="Array #indexOfasdasdasd()" name="should return -1 when the value is not present" time="0"/>
<testcase classname="Array #indexOfasdasdasd()" name="should return 0 when the value is not present" time="0"><failure><![CDATA[0 == -1
AssertionError: 0 == -1
    at Context.&lt;anonymous&gt; (/Users/nobio/Projekte/openshift/evenster/test/test.js:18:14)
    at callFn (/Users/nobio/Projekte/openshift/evenster/node_modules/mocha/lib/runnable.js:249:21)
    at Test.Runnable.run (/Users/nobio/Projekte/openshift/evenster/node_modules/mocha/lib/runnable.js:242:7)
    at Runner.runTest (/Users/nobio/Projekte/openshift/evenster/node_modules/mocha/lib/runner.js:373:10)
    at /Users/nobio/Projekte/openshift/evenster/node_modules/mocha/lib/runner.js:451:12
    at next (/Users/nobio/Projekte/openshift/evenster/node_modules/mocha/lib/runner.js:298:14)
    at /Users/nobio/Projekte/openshift/evenster/node_modules/mocha/lib/runner.js:308:7
    at next (/Users/nobio/Projekte/openshift/evenster/node_modules/mocha/lib/runner.js:246:23)
    at Object._onImmediate (/Users/nobio/Projekte/openshift/evenster/node_modules/mocha/lib/runner.js:275:5)
    at processImmediate [as _immediateCallback] (timers.js:345:15)]]></failure></testcase>
</testsuite>
